This is pdfTeX, Version 3.1415926-2.5-1.40.14 (TeX Live 2013) (format=pdflatex 2013.5.30)  8 OCT 2013 16:52
entering extended mode
 restricted \write18 enabled.
 file:line:error style messages enabled.
 %&-line parsing enabled.
**CreativeCommons.tex
(./CreativeCommons.tex
LaTeX2e <2011/06/27>
Babel <3.9f> and hyphenation patterns for 78 languages loaded.

./CreativeCommons.tex:1: LaTeX Error: Missing \begin{document}.

See the LaTeX manual or LaTeX Companion for explanation.
Type  H <return>  for immediate help.
 ...                                              
                                                  
l.1 \begin{center}
                  
? 

Overfull \hbox (20.0pt too wide) in paragraph at lines 1--1
[] 
 []

./CreativeCommons.tex:2: Undefined control sequence.
l.2 \large
          \textbf{Copyright Notice}%\\[1cm]
? 
./CreativeCommons.tex:2: Emergency stop.
l.2 \large
          \textbf{Copyright Notice}%\\[1cm]
End of file on the terminal!

 
Here is how much of TeX's memory you used:
 5 strings out of 493315
 158 string characters out of 6137904
 52158 words of memory out of 5000000
 3557 multiletter control sequences out of 15000+600000
 3640 words of font info for 14 fonts, out of 8000000 for 9000
 957 hyphenation exceptions out of 8191
 9i,1n,4p,61b,59s stack positions out of 5000i,500n,10000p,200000b,80000s
./CreativeCommons.tex:2:  ==> Fatal error occurred, no output PDF file produced
!
