\BOOKMARK [0][-]{chapter.1}{Introduction}{}% 1
\BOOKMARK [1][-]{section.1.1}{Motivation}{chapter.1}% 2
\BOOKMARK [1][-]{section.1.2}{Purpose}{chapter.1}% 3
\BOOKMARK [1][-]{section.1.3}{Scope and Limitations}{chapter.1}% 4
\BOOKMARK [1][-]{section.1.4}{Overview}{chapter.1}% 5
\BOOKMARK [0][-]{chapter.2}{Literature Review}{}% 6
\BOOKMARK [1][-]{section.2.1}{Background}{chapter.2}% 7
\BOOKMARK [2][-]{subsection.2.1.1}{Music and Community}{section.2.1}% 8
\BOOKMARK [2][-]{subsection.2.1.2}{Participatory and Presentational Performance}{section.2.1}% 9
\BOOKMARK [2][-]{subsection.2.1.3}{Presentational Performance, Technology, and Visual Culture}{section.2.1}% 10
\BOOKMARK [2][-]{subsection.2.1.4}{Rock Concerts and Participatory Culture}{section.2.1}% 11
\BOOKMARK [1][-]{section.2.2}{Related Work}{chapter.2}% 12
\BOOKMARK [2][-]{subsection.2.2.1}{Crowd-Based Interfaces}{section.2.2}% 13
\BOOKMARK [2][-]{subsection.2.2.2}{Audience-Performer Interaction}{section.2.2}% 14
\BOOKMARK [2][-]{subsection.2.2.3}{Case Studies}{section.2.2}% 15
\BOOKMARK [0][-]{chapter.3}{Research Approach}{}% 16
\BOOKMARK [1][-]{section.3.1}{Questions}{chapter.3}% 17
\BOOKMARK [1][-]{section.3.2}{Rationale}{chapter.3}% 18
\BOOKMARK [1][-]{section.3.3}{Methods}{chapter.3}% 19
\BOOKMARK [2][-]{subsection.3.3.1}{Ethnography}{section.3.3}% 20
\BOOKMARK [2][-]{subsection.3.3.2}{Prototyping}{section.3.3}% 21
\BOOKMARK [0][-]{chapter.4}{Ethnography}{}% 22
\BOOKMARK [1][-]{section.4.1}{Audience Questionnaire}{chapter.4}% 23
\BOOKMARK [2][-]{subsection.4.1.1}{Analysis}{section.4.1}% 24
\BOOKMARK [1][-]{section.4.2}{Performer Interviews}{chapter.4}% 25
\BOOKMARK [2][-]{subsection.4.2.1}{The Subjects}{section.4.2}% 26
\BOOKMARK [2][-]{subsection.4.2.2}{Interacting With Audiences}{section.4.2}% 27
\BOOKMARK [2][-]{subsection.4.2.3}{Participatory Technologies}{section.4.2}% 28
\BOOKMARK [2][-]{subsection.4.2.4}{Analysis}{section.4.2}% 29
\BOOKMARK [0][-]{chapter.5}{Prototyping}{}% 30
\BOOKMARK [1][-]{section.5.1}{Prototype \0431}{chapter.5}% 31
\BOOKMARK [2][-]{subsection.5.1.1}{Development}{section.5.1}% 32
\BOOKMARK [2][-]{subsection.5.1.2}{Testing}{section.5.1}% 33
\BOOKMARK [2][-]{subsection.5.1.3}{Analysis}{section.5.1}% 34
\BOOKMARK [1][-]{section.5.2}{Prototype \0432}{chapter.5}% 35
\BOOKMARK [2][-]{subsection.5.2.1}{Development}{section.5.2}% 36
\BOOKMARK [2][-]{subsection.5.2.2}{Testing}{section.5.2}% 37
\BOOKMARK [2][-]{subsection.5.2.3}{Analysis}{section.5.2}% 38
\BOOKMARK [1][-]{section.5.3}{Prototype \0433}{chapter.5}% 39
\BOOKMARK [2][-]{subsection.5.3.1}{Development}{section.5.3}% 40
\BOOKMARK [2][-]{subsection.5.3.2}{Testing}{section.5.3}% 41
\BOOKMARK [2][-]{subsection.5.3.3}{Analysis}{section.5.3}% 42
\BOOKMARK [0][-]{chapter.6}{Conclusion}{}% 43
\BOOKMARK [1][-]{section.6.1}{Discussion}{chapter.6}% 44
\BOOKMARK [1][-]{section.6.2}{Future Directions}{chapter.6}% 45
\BOOKMARK [1][-]{section.6.3}{Conclusion}{chapter.6}% 46
\BOOKMARK [0][-]{chapter*.71}{References}{}% 47
\BOOKMARK [0][-]{Appendix.1.A}{Appendix Research Ethics Board Approval}{}% 48
\BOOKMARK [0][-]{Appendix.1.B}{Appendix Audience Questionnaire Results}{}% 49
\BOOKMARK [0][-]{Appendix.1.C}{Appendix Prototype \0433 Circuit Diagram}{}% 50
\BOOKMARK [0][-]{Appendix.1.D}{Appendix Accompanying Material}{}% 51
